<?xml version="1.0" encoding="UTF-8" ?>
<testsuite failures="0" time="9.253" errors="0" skipped="0" tests="4" name="edu.unm.ece.drake.rectifier.impl.RubyRectifierTest">
  <properties>
    <property name="java.runtime.name" value="Java(TM) SE Runtime Environment"/>
    <property name="sun.boot.library.path" value="/opt/java/jdk1.7.0_13/jre/lib/i386"/>
    <property name="java.vm.version" value="23.7-b01"/>
    <property name="java.vm.vendor" value="Oracle Corporation"/>
    <property name="java.vendor.url" value="http://java.oracle.com/"/>
    <property name="path.separator" value=":"/>
    <property name="guice.disable.misplaced.annotation.check" value="true"/>
    <property name="java.vm.name" value="Java HotSpot(TM) Client VM"/>
    <property name="file.encoding.pkg" value="sun.io"/>
    <property name="user.country" value="US"/>
    <property name="sun.java.launcher" value="SUN_STANDARD"/>
    <property name="sun.os.patch.level" value="unknown"/>
    <property name="java.vm.specification.name" value="Java Virtual Machine Specification"/>
    <property name="user.dir" value="/home/cclamb/git/usage-management/rectifier"/>
    <property name="java.runtime.version" value="1.7.0_13-b20"/>
    <property name="java.awt.graphicsenv" value="sun.awt.X11GraphicsEnvironment"/>
    <property name="java.endorsed.dirs" value="/opt/java/jdk1.7.0_13/jre/lib/endorsed"/>
    <property name="os.arch" value="i386"/>
    <property name="java.io.tmpdir" value="/tmp"/>
    <property name="line.separator" value="
"/>
    <property name="java.vm.specification.vendor" value="Oracle Corporation"/>
    <property name="os.name" value="Linux"/>
    <property name="classworlds.conf" value="/home/cclamb/Applications/apache-maven-3.0.4/bin/m2.conf"/>
    <property name="sun.jnu.encoding" value="UTF-8"/>
    <property name="java.library.path" value="/usr/java/packages/lib/i386:/lib:/usr/lib"/>
    <property name="java.specification.name" value="Java Platform API Specification"/>
    <property name="java.class.version" value="51.0"/>
    <property name="sun.management.compiler" value="HotSpot Client Compiler"/>
    <property name="os.version" value="3.5.0-25-generic"/>
    <property name="user.home" value="/home/cclamb"/>
    <property name="user.timezone" value="America/Shiprock"/>
    <property name="java.awt.printerjob" value="sun.print.PSPrinterJob"/>
    <property name="file.encoding" value="UTF-8"/>
    <property name="java.specification.version" value="1.7"/>
    <property name="user.name" value="cclamb"/>
    <property name="java.class.path" value="/home/cclamb/Applications/apache-maven-3.0.4/boot/plexus-classworlds-2.4.jar"/>
    <property name="java.vm.specification.version" value="1.7"/>
    <property name="sun.arch.data.model" value="32"/>
    <property name="java.home" value="/opt/java/jdk1.7.0_13/jre"/>
    <property name="sun.java.command" value="org.codehaus.plexus.classworlds.launcher.Launcher install"/>
    <property name="java.specification.vendor" value="Oracle Corporation"/>
    <property name="user.language" value="en"/>
    <property name="awt.toolkit" value="sun.awt.X11.XToolkit"/>
    <property name="java.vm.info" value="mixed mode"/>
    <property name="java.version" value="1.7.0_13"/>
    <property name="java.ext.dirs" value="/opt/java/jdk1.7.0_13/jre/lib/ext:/usr/java/packages/lib/ext"/>
    <property name="securerandom.source" value="file:/dev/./urandom"/>
    <property name="sun.boot.class.path" value="/opt/java/jdk1.7.0_13/jre/lib/resources.jar:/opt/java/jdk1.7.0_13/jre/lib/rt.jar:/opt/java/jdk1.7.0_13/jre/lib/sunrsasign.jar:/opt/java/jdk1.7.0_13/jre/lib/jsse.jar:/opt/java/jdk1.7.0_13/jre/lib/jce.jar:/opt/java/jdk1.7.0_13/jre/lib/charsets.jar:/opt/java/jdk1.7.0_13/jre/lib/jfr.jar:/opt/java/jdk1.7.0_13/jre/classes"/>
    <property name="java.vendor" value="Oracle Corporation"/>
    <property name="maven.home" value="/home/cclamb/Applications/apache-maven-3.0.4"/>
    <property name="file.separator" value="/"/>
    <property name="java.vendor.url.bug" value="http://bugreport.sun.com/bugreport/"/>
    <property name="sun.cpu.endian" value="little"/>
    <property name="sun.io.unicode.encoding" value="UnicodeLittle"/>
    <property name="sun.desktop" value="gnome"/>
    <property name="sun.cpu.isalist" value=""/>
  </properties>
  <testcase time="9.139" classname="edu.unm.ece.drake.rectifier.impl.RubyRectifierTest" name="testRectificationPerformance"/>
  <testcase time="0" classname="edu.unm.ece.drake.rectifier.impl.RubyRectifierTest" name="testDibRectifier"/>
  <testcase time="0.041" classname="edu.unm.ece.drake.rectifier.impl.RubyRectifierTest" name="testJRubyPolicyEval"/>
  <testcase time="0.03" classname="edu.unm.ece.drake.rectifier.impl.RubyRectifierTest" name="testRectify"/>
</testsuite>